<?xml version="1.0" encoding="UTF-8"?>
<!-- Generated by org.testng.reporters.JUnitReportReporter -->
<testsuite skipped="0" hostname="LGDN18-1076-W10" name="Railway.MyTicketTest" tests="3" failures="0" timestamp="07 Dec 2018 08:47:07 GMT" time="83.071" errors="0">
  <testcase name="TC16" time="7.081" classname="Railway.MyTicketTest"/>
  <testcase name="FTTC01" time="42.310" classname="Railway.MyTicketTest"/>
  <testcase name="FTTC02" time="33.680" classname="Railway.MyTicketTest"/>
</testsuite> <!-- Railway.MyTicketTest -->
