<?xml version="1.0" encoding="UTF-8"?>
<!-- Generated by org.testng.reporters.JUnitReportReporter -->
<testsuite skipped="0" hostname="LGDN18-1076-W10" name="Railway.RegisterTest" tests="2" failures="0" timestamp="26 Nov 2018 05:23:06 GMT" time="4.163" errors="0">
  <testcase name="TC01" time="3.687" classname="Railway.RegisterTest"/>
  <testcase name="TC02" time="0.476" classname="Railway.RegisterTest"/>
</testsuite> <!-- Railway.RegisterTest -->
