<?xml version="1.0" encoding="UTF-8"?>
<!-- Generated by org.testng.reporters.JUnitReportReporter -->
<testsuite skipped="0" hostname="HUY-PC" name="Railway.BookTicketTest" tests="1" failures="0" timestamp="02 thg 12 2018 14:47:54 GMT" time="4.476" errors="0">
  <testcase name="TC15" time="4.476" classname="Railway.BookTicketTest"/>
</testsuite> <!-- Railway.BookTicketTest -->
