<?xml version="1.0" encoding="UTF-8"?>
<!-- Generated by org.testng.reporters.JUnitReportReporter -->
<testsuite skipped="0" hostname="HUY-PC" name="Railway.BookTicketTest" tests="1" failures="0" timestamp="27 thg 11 2018 15:55:34 GMT" time="8.108" errors="0">
  <testcase name="TC01" time="8.108" classname="Railway.BookTicketTest"/>
</testsuite> <!-- Railway.BookTicketTest -->
