<?xml version="1.0" encoding="UTF-8"?>
<!-- Generated by org.testng.reporters.JUnitReportReporter -->
<testsuite skipped="0" hostname="LGDN18-1076-W10" name="Railway.ForgotPasswordTest" tests="1" failures="0" timestamp="30 Nov 2018 01:39:46 GMT" time="19.707" errors="0">
  <testcase name="TC01" time="19.707" classname="Railway.ForgotPasswordTest"/>
</testsuite> <!-- Railway.ForgotPasswordTest -->
