<?xml version="1.0" encoding="UTF-8"?>
<!-- Generated by org.testng.reporters.JUnitReportReporter -->
<testsuite skipped="0" hostname="HUY-PC" name="Railway.MyTicketTest" tests="1" failures="0" timestamp="02 thg 12 2018 15:27:23 GMT" time="7.310" errors="0">
  <testcase name="TC16" time="7.310" classname="Railway.MyTicketTest"/>
</testsuite> <!-- Railway.MyTicketTest -->
