<?xml version="1.0" encoding="UTF-8"?>
<!-- Generated by org.testng.reporters.JUnitReportReporter -->
<testsuite skipped="0" hostname="HUY-PC" name="Railway.RegisterTest" tests="2" failures="0" timestamp="26 thg 11 2018 14:35:53 GMT" time="16.677" errors="0">
  <testcase name="TC01" time="14.706" classname="Railway.RegisterTest"/>
  <testcase name="TC02" time="1.971" classname="Railway.RegisterTest"/>
</testsuite> <!-- Railway.RegisterTest -->
