<?xml version="1.0" encoding="UTF-8"?>
<!-- Generated by org.testng.reporters.JUnitReportReporter -->
<testsuite skipped="0" hostname="LGDN18-1076-W10" name="Railway.LoginTest" tests="1" failures="0" timestamp="14 Nov 2018 10:49:22 GMT" time="4.977" errors="0">
  <testcase name="TC01" time="4.977" classname="Railway.LoginTest"/>
</testsuite> <!-- Railway.LoginTest -->
