<?xml version="1.0" encoding="UTF-8"?>
<!-- Generated by org.testng.reporters.JUnitReportReporter -->
<testsuite skipped="0" hostname="HUY-PC" name="Railway.BookTicketTest" tests="1" failures="0" timestamp="28 thg 11 2018 14:05:55 GMT" time="5.749" errors="0">
  <testcase name="TC01" time="5.749" classname="Railway.BookTicketTest"/>
</testsuite> <!-- Railway.BookTicketTest -->
