<?xml version="1.0" encoding="UTF-8"?>
<!-- Generated by org.testng.reporters.JUnitReportReporter -->
<testsuite skipped="0" hostname="LGDN18-1076-W10" name="Railway.RegisterTest" tests="1" failures="0" timestamp="29 Nov 2018 06:19:01 GMT" time="9.625" errors="0">
  <testcase name="TC01" time="9.625" classname="Railway.RegisterTest"/>
</testsuite> <!-- Railway.RegisterTest -->
