<?xml version="1.0" encoding="UTF-8"?>
<!-- Generated by org.testng.reporters.JUnitReportReporter -->
<testsuite skipped="0" hostname="LGDN18-1076-W10" name="Railway.BookTicketTest" tests="1" failures="0" timestamp="30 Nov 2018 10:32:32 GMT" time="1.434" errors="0">
  <testcase name="TC01" time="1.434" classname="Railway.BookTicketTest"/>
</testsuite> <!-- Railway.BookTicketTest -->
